Arguments: 
  /data/data/com.termux/files/usr/bin/node /data/data/com.termux/files/usr/share/yarn/bin/yarn.js add textmaker-lasi

PATH: 
  /data/data/com.termux/files/usr/bin

Yarn version: 
  1.22.19

Node version: 
  18.3.0

Platform: 
  android arm64

Trace: 
  Error: EPERM: operation not permitted, symlink '../../../../pino/bin.js' -> '/storage/emulated/0/html/bowa/node_modules/@adiwajshing/baileys/node_modules/.bin/pino'

npm manifest: 
  {
    "name": "Jojo-md",
    "version": "1.0.0",
    "description": "Simple whatsapp bot with multi device.",
    "main": "index.js",
    "directories": {
      "lib": "lib"
    },
    "scripts": {
      "test": "echo \"Error: no test specified\" && exit 1",
      "start": "node index.js"
    },
    "author": "ArasyaRafi",
    "license": "MIT",
    "dependencies": {
      "@adiwajshing/baileys": "4.1.0",
      "@adiwajshing/keyed-db": "^0.2.4",
      "awesome-phonenumber": "^2.64.0",
      "axios": "^0.24.0",
      "chalk": "^4.1.2",
      "clui": "^0.3.6",
      "cookie": "^0.5.0",
      "fetch": "^1.1.0",
      "figlet": "^1.5.2",
      "file-type": "^16.5.3",
      "fluent-ffmpeg": "^2.1.2",
      "form-data": "^4.0.0",
      "fs": "0.0.1-security",
      "g-i-s": "^2.1.6",
      "hikki-me": "^1.0.1",
      "hxz-api": "^1.0.1",
      "insta-fetcher": "^1.3.21",
      "kotz-api": "^1.0.0",
      "moment": "^2.29.1",
      "moment-timezone": "^0.5.34",
      "node-fetch": "^2.6.4",
      "parse-ms": "^2.1.0",
      "pino": "^7.2.0",
      "ra-api": "^1.3.2",
      "textmaker-lasi": "^1.2.1",
      "util": "^0.12.4",
      "xfarr-api": "^1.0.0",
      "yt-search": "^2.10.2"
    }
  }

yarn manifest: 
  No manifest

Lockfile: 
  No lockfile
